<?xml version="1.0" encoding="UTF-8"?>
<!-- Generated by org.testng.reporters.JUnitReportReporter -->
<testsuite hostname="DESKTOP-A5OTGBU" failures="0" tests="2" name="GetCall.TC001_GET_Request" time="5.652" errors="0" timestamp="2021-02-17T15:35:41 IST" skipped="1">
  <testcase classname="GetCall.TC001_GET_Request" name="guru99Datachecking" time="5.652"/>
  <system-out/>
  <testcase classname="GetCall.TC001_GET_Request" name="getweatherDetails">
    <skipped/>
  </testcase> <!-- getweatherDetails -->
  <system-out/>
</testsuite> <!-- GetCall.TC001_GET_Request -->
